  basic_types.cpp
  ClientCommunication.cpp
C:\Users\cofi24\Desktop\Git uploads\IKP\IKP-main\Client\LoadBalancer\ClientCommunication.cpp(19,9): warning C4005: 'BUFFER_SIZE': macro redefinition
      C:\Users\cofi24\Desktop\Git uploads\IKP\IKP-main\Client\LoadBalancer\basic_types.h(7,9):
      see previous definition of 'BUFFER_SIZE'
  
C:\Users\cofi24\Desktop\Git uploads\IKP\IKP-main\Client\LoadBalancer\ClientCommunication.cpp(118,10): warning C4101: 'dataBuffer': unreferenced local variable
  hash_map.cpp
C:\Users\cofi24\Desktop\Git uploads\IKP\IKP-main\Client\LoadBalancer\hash_map.cpp(12,13): warning C4267: 'initializing': conversion from 'size_t' to 'int', possible loss of data
  list.cpp
  main.cpp
C:\Users\cofi24\Desktop\Git uploads\IKP\IKP-main\Client\LoadBalancer\main.cpp(82,26): warning C4244: 'initializing': conversion from 'float' to 'int', possible loss of data
  queue.cpp
C:\Users\cofi24\Desktop\Git uploads\IKP\IKP-main\Client\LoadBalancer\queue.cpp(13,9): warning C4005: 'BUFFER_SIZE': macro redefinition
      C:\Users\cofi24\Desktop\Git uploads\IKP\IKP-main\Client\LoadBalancer\basic_types.h(7,9):
      see previous definition of 'BUFFER_SIZE'
  
C:\Users\cofi24\Desktop\Git uploads\IKP\IKP-main\Client\LoadBalancer\queue.cpp(60,6): warning C4551: function call missing argument list
  testing.cpp
  WorkerCommunication.cpp
C:\Users\cofi24\Desktop\Git uploads\IKP\IKP-main\Client\LoadBalancer\WorkerCommunication.cpp(18,9): warning C4005: 'BUFFER_SIZE': macro redefinition
      C:\Users\cofi24\Desktop\Git uploads\IKP\IKP-main\Client\LoadBalancer\basic_types.h(7,9):
      see previous definition of 'BUFFER_SIZE'
  
C:\Users\cofi24\Desktop\Git uploads\IKP\IKP-main\Client\LoadBalancer\WorkerCommunication.cpp(48,74): warning C4267: '=': conversion from 'size_t' to 'char', possible loss of data
C:\Users\cofi24\Desktop\Git uploads\IKP\IKP-main\Client\LoadBalancer\WorkerCommunication.cpp(55,74): warning C4267: 'argument': conversion from 'size_t' to 'int', possible loss of data
C:\Users\cofi24\Desktop\Git uploads\IKP\IKP-main\Client\LoadBalancer\WorkerCommunication.cpp(132,17): warning C4101: 'a': unreferenced local variable
C:\Users\cofi24\Desktop\Git uploads\IKP\IKP-main\Client\LoadBalancer\WorkerCommunication.cpp(200,10): warning C4101: 'clientName': unreferenced local variable
C:\Users\cofi24\Desktop\Git uploads\IKP\IKP-main\Client\LoadBalancer\WorkerCommunication.cpp(199,10): warning C4101: 'dataBuffer': unreferenced local variable
C:\Users\cofi24\Desktop\Git uploads\IKP\IKP-main\Client\LoadBalancer\WorkerCommunication.cpp(268,34): warning C4101: 'hWorkerRead': unreferenced local variable
C:\Users\cofi24\Desktop\Git uploads\IKP\IKP-main\Client\LoadBalancer\WorkerCommunication.cpp(268,20): warning C4101: 'hWorkerWrite': unreferenced local variable
  Generating Code...
  LoadBalancer.vcxproj -> C:\Users\cofi24\Desktop\Git uploads\IKP\IKP-main\Client\x64\Debug\LoadBalancer.exe
